[0m05:02:27  Running with dbt=1.7.8
[0m05:02:27  dbt version: 1.7.8
[0m05:02:27  python version: 3.9.17
[0m05:02:27  python path: /home/shandytp/learn-dbt/venv/bin/python
[0m05:02:27  os info: Linux-5.15.146.1-microsoft-standard-WSL2-x86_64-with-glibc2.35
[0m05:02:27  Using profiles dir at /home/shandytp/.dbt
[0m05:02:27  Using profiles.yml file at /home/shandytp/.dbt/profiles.yml
[0m05:02:27  Using dbt_project.yml file at /home/shandytp/learn-dbt/mini_order_luigi_dbt/dbt/dbt_project.yml
[0m05:02:27  adapter type: postgres
[0m05:02:27  adapter version: 1.7.8
[0m05:02:27  Configuration:
[0m05:02:27    profiles.yml file [[32mOK found and valid[0m]
[0m05:02:27    dbt_project.yml file [[32mOK found and valid[0m]
[0m05:02:27  Required dependencies:
[0m05:02:27   - git [[32mOK found[0m]

[0m05:02:27  Connection:
[0m05:02:27    host: localhost
[0m05:02:27    port: 5433
[0m05:02:27    user: postgres
[0m05:02:27    database: mini_order
[0m05:02:27    schema: mini_order_luigi_dbt
[0m05:02:27    connect_timeout: 10
[0m05:02:27    role: None
[0m05:02:27    search_path: None
[0m05:02:27    keepalives_idle: 0
[0m05:02:27    sslmode: None
[0m05:02:27    sslcert: None
[0m05:02:27    sslkey: None
[0m05:02:27    sslrootcert: None
[0m05:02:27    application_name: dbt
[0m05:02:27    retries: 1
[0m05:02:27  Registered adapter: postgres=1.7.8
[0m05:02:27    Connection test: [[32mOK connection ok[0m]

[0m05:02:27  [32mAll checks passed![0m
