DEBUG: Checking if dbtDebug() is complete
INFO: Informed scheduler that task   dbtDebug__99914b932b   has status   PENDING
DEBUG: Checking if dbtDeps() is complete
DEBUG: Checking if dbtDebug() is complete
INFO: Informed scheduler that task   dbtDeps__99914b932b   has status   PENDING
INFO: Informed scheduler that task   dbtDebug__99914b932b   has status   PENDING
DEBUG: Checking if dbtTest() is complete
DEBUG: Checking if dbtDebug() is complete
INFO: Informed scheduler that task   dbtTest__99914b932b   has status   PENDING
INFO: Informed scheduler that task   dbtDebug__99914b932b   has status   PENDING
DEBUG: Checking if dbtRun() is complete
DEBUG: Checking if dbtTest() is complete
INFO: Informed scheduler that task   dbtRun__99914b932b   has status   PENDING
DEBUG: Checking if dbtDebug() is complete
INFO: Informed scheduler that task   dbtTest__99914b932b   has status   PENDING
INFO: Informed scheduler that task   dbtDebug__99914b932b   has status   PENDING
INFO: Done scheduling tasks
INFO: Running Worker with 1 processes
DEBUG: Asking scheduler for work...
DEBUG: Pending tasks: 4
INFO: [pid 88862] Worker Worker(salt=7509387232, workers=1, host=shandytp, username=shandytp, pid=88862) running   dbtDebug()
INFO: [pid 88862] Worker Worker(salt=7509387232, workers=1, host=shandytp, username=shandytp, pid=88862) done      dbtDebug()
DEBUG: 1 running tasks, waiting for next task to finish
INFO: Informed scheduler that task   dbtDebug__99914b932b   has status   DONE
DEBUG: Asking scheduler for work...
DEBUG: Pending tasks: 3
INFO: [pid 88862] Worker Worker(salt=7509387232, workers=1, host=shandytp, username=shandytp, pid=88862) running   dbtDeps()
INFO: [pid 88862] Worker Worker(salt=7509387232, workers=1, host=shandytp, username=shandytp, pid=88862) done      dbtDeps()
DEBUG: 1 running tasks, waiting for next task to finish
INFO: Informed scheduler that task   dbtDeps__99914b932b   has status   DONE
DEBUG: Asking scheduler for work...
DEBUG: Pending tasks: 2
INFO: [pid 88862] Worker Worker(salt=7509387232, workers=1, host=shandytp, username=shandytp, pid=88862) running   dbtTest()
INFO: [pid 88862] Worker Worker(salt=7509387232, workers=1, host=shandytp, username=shandytp, pid=88862) done      dbtTest()
DEBUG: 1 running tasks, waiting for next task to finish
INFO: Informed scheduler that task   dbtTest__99914b932b   has status   DONE
DEBUG: Asking scheduler for work...
DEBUG: Pending tasks: 1
INFO: [pid 88862] Worker Worker(salt=7509387232, workers=1, host=shandytp, username=shandytp, pid=88862) running   dbtRun()
INFO: [pid 88862] Worker Worker(salt=7509387232, workers=1, host=shandytp, username=shandytp, pid=88862) done      dbtRun()
DEBUG: 1 running tasks, waiting for next task to finish
INFO: Informed scheduler that task   dbtRun__99914b932b   has status   DONE
DEBUG: Asking scheduler for work...
DEBUG: Done
DEBUG: There are no more tasks to run at this time
INFO: Worker Worker(salt=7509387232, workers=1, host=shandytp, username=shandytp, pid=88862) was stopped. Shutting down Keep-Alive thread
INFO: 
===== Luigi Execution Summary =====

Scheduled 4 tasks of which:
* 4 ran successfully:
    - 1 dbtDebug()
    - 1 dbtDeps()
    - 1 dbtRun()
    - 1 dbtTest()

This progress looks :) because there were no failed tasks or missing dependencies

===== Luigi Execution Summary =====

Success running dbt debug
Success installing dependencies
Success running dbt test
Success running dbt data model
